<?xml version="1.0" encoding="UTF-8"?>
<testsuite name="challenge.Submit2Test" tests="2" skipped="0" failures="0" errors="0" timestamp="2020-08-20T23:37:50" hostname="mateus-Aspire-E1-572" time="1.477">
  <properties/>
  <testcase name="getQuoteByActor" classname="challenge.Submit2Test" time="1.119"/>
  <testcase name="getQuote" classname="challenge.Submit2Test" time="0.357"/>
  <system-out><![CDATA[2020-08-20 20:37:41.774  INFO 31673 --- [    Test worker] .b.t.c.SpringBootTestContextBootstrapper : Neither @ContextConfiguration nor @ContextHierarchy found for test class [challenge.Submit2Test], using SpringBootContextLoader
2020-08-20 20:37:41.775  INFO 31673 --- [    Test worker] o.s.t.c.support.AbstractContextLoader    : Could not detect default resource locations for test class [challenge.Submit2Test]: no resource found for suffixes {-context.xml, Context.groovy}.
2020-08-20 20:37:41.775  INFO 31673 --- [    Test worker] t.c.s.AnnotationConfigContextLoaderUtils : Could not detect default configuration classes for test class [challenge.Submit2Test]: Submit2Test does not declare any static, non-private, non-final, nested classes annotated with @Configuration.
2020-08-20 20:37:41.779  INFO 31673 --- [    Test worker] .b.t.c.SpringBootTestContextBootstrapper : Found @SpringBootConfiguration challenge.Application for test class challenge.Submit2Test
2020-08-20 20:37:41.782  INFO 31673 --- [    Test worker] .b.t.c.SpringBootTestContextBootstrapper : Loaded default TestExecutionListener class names from location [META-INF/spring.factories]: [org.springframework.boot.test.autoconfigure.restdocs.RestDocsTestExecutionListener, org.springframework.boot.test.autoconfigure.web.client.MockRestServiceServerResetTestExecutionListener, org.springframework.boot.test.autoconfigure.web.servlet.MockMvcPrintOnlyOnFailureTestExecutionListener, org.springframework.boot.test.autoconfigure.web.servlet.WebDriverTestExecutionListener, org.springframework.boot.test.mock.mockito.MockitoTestExecutionListener, org.springframework.boot.test.mock.mockito.ResetMocksTestExecutionListener, org.springframework.test.context.web.ServletTestExecutionListener, org.springframework.test.context.support.DirtiesContextBeforeModesTestExecutionListener, org.springframework.test.context.support.DependencyInjectionTestExecutionListener, org.springframework.test.context.support.DirtiesContextTestExecutionListener, org.springframework.test.context.transaction.TransactionalTestExecutionListener, org.springframework.test.context.jdbc.SqlScriptsTestExecutionListener]
2020-08-20 20:37:41.782  INFO 31673 --- [    Test worker] .b.t.c.SpringBootTestContextBootstrapper : Using TestExecutionListeners: [org.springframework.test.context.web.ServletTestExecutionListener@3d8f0454, org.springframework.test.context.support.DirtiesContextBeforeModesTestExecutionListener@476fa283, org.springframework.boot.test.mock.mockito.MockitoTestExecutionListener@43a71335, org.springframework.boot.test.autoconfigure.SpringBootDependencyInjectionTestExecutionListener@1326fd08, org.springframework.test.context.support.DirtiesContextTestExecutionListener@56cef69c, org.springframework.test.context.transaction.TransactionalTestExecutionListener@6c0f3d7c, org.springframework.test.context.jdbc.SqlScriptsTestExecutionListener@17caa573, org.springframework.boot.test.autoconfigure.restdocs.RestDocsTestExecutionListener@3320d43f, org.springframework.boot.test.autoconfigure.web.client.MockRestServiceServerResetTestExecutionListener@127bbed1, org.springframework.boot.test.autoconfigure.web.servlet.MockMvcPrintOnlyOnFailureTestExecutionListener@70a853f, org.springframework.boot.test.autoconfigure.web.servlet.WebDriverTestExecutionListener@45a94990, org.springframework.boot.test.mock.mockito.ResetMocksTestExecutionListener@701dfc36]

  .   ____          _            __ _ _
 /\\ / ___'_ __ _ _(_)_ __  __ _ \ \ \ \
( ( )\___ | '_ | '_| | '_ \/ _` | \ \ \ \
 \\/  ___)| |_)| | | | | || (_| |  ) ) ) )
  '  |____| .__|_| |_|_| |_\__, | / / / /
 =========|_|==============|___/=/_/_/_/
 :: Spring Boot ::        (v2.0.3.RELEASE)

2020-08-20 20:37:41.825  INFO 31673 --- [    Test worker] challenge.Submit2Test                    : Starting Submit2Test on mateus-Aspire-E1-572 with PID 31673 (started by mateuslopes in /home/mateuslopes/codenation/java-5)
2020-08-20 20:37:41.826  INFO 31673 --- [    Test worker] challenge.Submit2Test                    : No active profile set, falling back to default profiles: default
2020-08-20 20:37:41.830  INFO 31673 --- [    Test worker] ConfigServletWebServerApplicationContext : Refreshing org.springframework.boot.web.servlet.context.AnnotationConfigServletWebServerApplicationContext@611f12c5: startup date [Thu Aug 20 20:37:41 BRT 2020]; root of context hierarchy
2020-08-20 20:37:42.759  INFO 31673 --- [    Test worker] trationDelegate$BeanPostProcessorChecker : Bean 'org.springframework.transaction.annotation.ProxyTransactionManagementConfiguration' of type [org.springframework.transaction.annotation.ProxyTransactionManagementConfiguration$$EnhancerBySpringCGLIB$$700bd181] is not eligible for getting processed by all BeanPostProcessors (for example: not eligible for auto-proxying)
2020-08-20 20:37:43.200  INFO 31673 --- [    Test worker] o.s.b.w.embedded.tomcat.TomcatWebServer  : Tomcat initialized with port(s): 0 (http)
2020-08-20 20:37:43.277  INFO 31673 --- [    Test worker] o.apache.catalina.core.StandardService   : Starting service [Tomcat]
2020-08-20 20:37:43.278  INFO 31673 --- [    Test worker] org.apache.catalina.core.StandardEngine  : Starting Servlet Engine: Apache Tomcat/8.5.31
2020-08-20 20:37:43.302  INFO 31673 --- [ost-startStop-1] o.a.catalina.core.AprLifecycleListener   : The APR based Apache Tomcat Native library which allows optimal performance in production environments was not found on the java.library.path: [/usr/java/packages/lib/amd64:/usr/lib64:/lib64:/lib:/usr/lib]
2020-08-20 20:37:43.589  INFO 31673 --- [ost-startStop-1] o.a.c.c.C.[Tomcat].[localhost].[/]       : Initializing Spring embedded WebApplicationContext
2020-08-20 20:37:43.589  INFO 31673 --- [ost-startStop-1] o.s.web.context.ContextLoader            : Root WebApplicationContext: initialization completed in 1759 ms
2020-08-20 20:37:43.739  INFO 31673 --- [ost-startStop-1] o.s.b.w.servlet.ServletRegistrationBean  : Servlet dispatcherServlet mapped to [/]
2020-08-20 20:37:43.746  INFO 31673 --- [ost-startStop-1] o.s.b.w.servlet.FilterRegistrationBean   : Mapping filter: 'characterEncodingFilter' to: [/*]
2020-08-20 20:37:43.746  INFO 31673 --- [ost-startStop-1] o.s.b.w.servlet.FilterRegistrationBean   : Mapping filter: 'hiddenHttpMethodFilter' to: [/*]
2020-08-20 20:37:43.747  INFO 31673 --- [ost-startStop-1] o.s.b.w.servlet.FilterRegistrationBean   : Mapping filter: 'httpPutFormContentFilter' to: [/*]
2020-08-20 20:37:43.747  INFO 31673 --- [ost-startStop-1] o.s.b.w.servlet.FilterRegistrationBean   : Mapping filter: 'requestContextFilter' to: [/*]
2020-08-20 20:37:43.939  INFO 31673 --- [    Test worker] com.zaxxer.hikari.HikariDataSource       : HikariPool-1 - Starting...
2020-08-20 20:37:44.177  INFO 31673 --- [    Test worker] com.zaxxer.hikari.HikariDataSource       : HikariPool-1 - Start completed.
2020-08-20 20:37:44.194  INFO 31673 --- [    Test worker] o.s.jdbc.datasource.init.ScriptUtils     : Executing SQL script from URL [file:/home/mateuslopes/codenation/java-5/build/resources/main/schema.sql]
2020-08-20 20:37:44.205  INFO 31673 --- [    Test worker] o.s.jdbc.datasource.init.ScriptUtils     : Executed SQL script from URL [file:/home/mateuslopes/codenation/java-5/build/resources/main/schema.sql] in 11 ms.
2020-08-20 20:37:44.207  INFO 31673 --- [    Test worker] o.s.jdbc.datasource.init.ScriptUtils     : Executing SQL script from URL [file:/home/mateuslopes/codenation/java-5/build/resources/main/data.sql]
2020-08-20 20:37:45.940  INFO 31673 --- [    Test worker] o.s.jdbc.datasource.init.ScriptUtils     : Executed SQL script from URL [file:/home/mateuslopes/codenation/java-5/build/resources/main/data.sql] in 1733 ms.
2020-08-20 20:37:46.258  INFO 31673 --- [    Test worker] j.LocalContainerEntityManagerFactoryBean : Building JPA container EntityManagerFactory for persistence unit 'default'
2020-08-20 20:37:46.378  INFO 31673 --- [    Test worker] o.hibernate.jpa.internal.util.LogHelper  : HHH000204: Processing PersistenceUnitInfo [
	name: default
	...]
2020-08-20 20:37:46.990  INFO 31673 --- [    Test worker] org.hibernate.Version                    : HHH000412: Hibernate Core {5.2.17.Final}
2020-08-20 20:37:47.002  INFO 31673 --- [    Test worker] org.hibernate.cfg.Environment            : HHH000206: hibernate.properties not found
2020-08-20 20:37:47.110  INFO 31673 --- [    Test worker] o.hibernate.annotations.common.Version   : HCANN000001: Hibernate Commons Annotations {5.0.1.Final}
2020-08-20 20:37:47.382  INFO 31673 --- [    Test worker] org.hibernate.dialect.Dialect            : HHH000400: Using dialect: org.hibernate.dialect.H2Dialect
2020-08-20 20:37:48.898  INFO 31673 --- [    Test worker] j.LocalContainerEntityManagerFactoryBean : Initialized JPA EntityManagerFactory for persistence unit 'default'
2020-08-20 20:37:49.843  INFO 31673 --- [    Test worker] o.s.w.s.handler.SimpleUrlHandlerMapping  : Mapped URL path [/**/favicon.ico] onto handler of type [class org.springframework.web.servlet.resource.ResourceHttpRequestHandler]
2020-08-20 20:37:50.229  INFO 31673 --- [    Test worker] s.w.s.m.m.a.RequestMappingHandlerAdapter : Looking for @ControllerAdvice: org.springframework.boot.web.servlet.context.AnnotationConfigServletWebServerApplicationContext@611f12c5: startup date [Thu Aug 20 20:37:41 BRT 2020]; root of context hierarchy
2020-08-20 20:37:50.241  WARN 31673 --- [    Test worker] aWebConfiguration$JpaWebMvcConfiguration : spring.jpa.open-in-view is enabled by default. Therefore, database queries may be performed during view rendering. Explicitly configure spring.jpa.open-in-view to disable this warning
2020-08-20 20:37:50.272  INFO 31673 --- [    Test worker] s.w.s.m.m.a.RequestMappingHandlerMapping : Mapped "{[/v1/quote],methods=[GET]}" onto public challenge.Quote challenge.QuoteController.getQuote()
2020-08-20 20:37:50.272  INFO 31673 --- [    Test worker] s.w.s.m.m.a.RequestMappingHandlerMapping : Mapped "{[/v1/quote/{actor}],methods=[GET]}" onto public challenge.Quote challenge.QuoteController.getQuoteByActor(java.lang.String)
2020-08-20 20:37:50.275  INFO 31673 --- [    Test worker] s.w.s.m.m.a.RequestMappingHandlerMapping : Mapped "{[/error],produces=[text/html]}" onto public org.springframework.web.servlet.ModelAndView org.springframework.boot.autoconfigure.web.servlet.error.BasicErrorController.errorHtml(javax.servlet.http.HttpServletRequest,javax.servlet.http.HttpServletResponse)
2020-08-20 20:37:50.276  INFO 31673 --- [    Test worker] s.w.s.m.m.a.RequestMappingHandlerMapping : Mapped "{[/error]}" onto public org.springframework.http.ResponseEntity<java.util.Map<java.lang.String, java.lang.Object>> org.springframework.boot.autoconfigure.web.servlet.error.BasicErrorController.error(javax.servlet.http.HttpServletRequest)
2020-08-20 20:37:50.312  INFO 31673 --- [    Test worker] o.s.w.s.handler.SimpleUrlHandlerMapping  : Mapped URL path [/webjars/**] onto handler of type [class org.springframework.web.servlet.resource.ResourceHttpRequestHandler]
2020-08-20 20:37:50.313  INFO 31673 --- [    Test worker] o.s.w.s.handler.SimpleUrlHandlerMapping  : Mapped URL path [/**] onto handler of type [class org.springframework.web.servlet.resource.ResourceHttpRequestHandler]
2020-08-20 20:37:50.840  INFO 31673 --- [    Test worker] o.s.b.w.embedded.tomcat.TomcatWebServer  : Tomcat started on port(s): 37647 (http) with context path ''
2020-08-20 20:37:50.842  INFO 31673 --- [    Test worker] challenge.Submit2Test                    : Started Submit2Test in 9.056 seconds (JVM running for 15.012)
2020-08-20 20:37:51.250  INFO 31673 --- [o-auto-1-exec-2] o.a.c.c.C.[Tomcat].[localhost].[/]       : Initializing Spring FrameworkServlet 'dispatcherServlet'
2020-08-20 20:37:51.250  INFO 31673 --- [o-auto-1-exec-2] o.s.web.servlet.DispatcherServlet        : FrameworkServlet 'dispatcherServlet': initialization started
2020-08-20 20:37:51.267  INFO 31673 --- [o-auto-1-exec-2] o.s.web.servlet.DispatcherServlet        : FrameworkServlet 'dispatcherServlet': initialization completed in 17 ms
2020-08-20 20:37:51.320  INFO 31673 --- [o-auto-1-exec-2] o.h.h.i.QueryTranslatorFactoryInitiator  : HHH000397: Using ASTQueryTranslatorFactory
]]></system-out>
  <system-err><![CDATA[]]></system-err>
</testsuite>
